app/build/intermediates/manifest_merge_blame_file/debug/manifest-merger-blame-debug-report.txt
1<?xml version="1.0" encoding="utf-8"?>
2<manifest xmlns:android="http://schemas.android.com/apk/res/android"
3    package="run.budgetbuddy"
4    android:versionCode="1"
5    android:versionName="1.0" >
6
7    <uses-sdk
8        android:minSdkVersion="21"
8-->src\main\AndroidManifest.xml
9        android:targetSdkVersion="33" />
9-->src\main\AndroidManifest.xml
10
11    <uses-permission android:name="android.permission.READ_EXTERNAL_STORAGE" />
11-->src\main\AndroidManifest.xml:5:5-80
11-->src\main\AndroidManifest.xml:5:22-77
12    <uses-permission android:name="android.permission.ACCESS_NETWORK_STATE" />
12-->[io.realm:realm-android-library-object-server:10.11.1] AndroidManifest.xml:9:5-79
12-->[io.realm:realm-android-library-object-server:10.11.1] AndroidManifest.xml:9:22-76
13    <uses-permission android:name="android.permission.INTERNET" />
13-->[io.realm:realm-android-library-object-server:10.11.1] AndroidManifest.xml:10:5-67
13-->[io.realm:realm-android-library-object-server:10.11.1] AndroidManifest.xml:10:22-64
14
15    <permission
15-->[androidx.core:core:1.9.0] AndroidManifest.xml:22:5-24:47
16        android:name="run.budgetbuddy.DYNAMIC_RECEIVER_NOT_EXPORTED_PERMISSION"
16-->[androidx.core:core:1.9.0] AndroidManifest.xml:23:9-81
17        android:protectionLevel="signature" />
17-->[androidx.core:core:1.9.0] AndroidManifest.xml:24:9-44
18
19    <uses-permission android:name="run.budgetbuddy.DYNAMIC_RECEIVER_NOT_EXPORTED_PERMISSION" />
19-->[androidx.core:core:1.9.0] AndroidManifest.xml:26:5-97
19-->[androidx.core:core:1.9.0] AndroidManifest.xml:26:22-94
20
21    <application
21-->src\main\AndroidManifest.xml:6:5-192:19
22        android:name="run.budgetbuddy.utils.RealmHelp"
22-->src\main\AndroidManifest.xml:7:9-40
23        android:allowBackup="true"
23-->src\main\AndroidManifest.xml:8:9-35
24        android:appComponentFactory="androidx.core.app.CoreComponentFactory"
24-->[androidx.core:core:1.9.0] AndroidManifest.xml:28:18-86
25        android:dataExtractionRules="@xml/data_extraction_rules"
25-->src\main\AndroidManifest.xml:9:9-65
26        android:debuggable="true"
27        android:fullBackupContent="@xml/backup_rules"
27-->src\main\AndroidManifest.xml:10:9-54
28        android:icon="@mipmap/ic_launcher"
28-->src\main\AndroidManifest.xml:11:9-43
29        android:label="@string/app_name"
29-->src\main\AndroidManifest.xml:12:9-41
30        android:roundIcon="@mipmap/ic_launcher_round"
30-->src\main\AndroidManifest.xml:13:9-54
31        android:supportsRtl="true"
31-->src\main\AndroidManifest.xml:14:9-35
32        android:testOnly="true"
33        android:theme="@style/Theme.Design.Light.NoActionBar" >
33-->src\main\AndroidManifest.xml:15:9-62
34        <activity
34-->src\main\AndroidManifest.xml:17:9-28:20
35            android:name="run.budgetbuddy.activities.MG.MgInicio"
35-->src\main\AndroidManifest.xml:18:13-51
36            android:exported="true" >
36-->src\main\AndroidManifest.xml:19:13-36
37            <intent-filter>
37-->src\main\AndroidManifest.xml:20:13-24:29
38                <action android:name="android.intent.action.MAIN" />
38-->src\main\AndroidManifest.xml:21:17-69
38-->src\main\AndroidManifest.xml:21:25-66
39
40                <category android:name="android.intent.category.LAUNCHER" />
40-->src\main\AndroidManifest.xml:23:17-77
40-->src\main\AndroidManifest.xml:23:27-74
41            </intent-filter>
42
43            <meta-data
43-->src\main\AndroidManifest.xml:25:13-27:36
44                android:name="android.app.lib_name"
44-->src\main\AndroidManifest.xml:26:17-52
45                android:value="" />
45-->src\main\AndroidManifest.xml:27:17-33
46        </activity>
47        <activity
47-->src\main\AndroidManifest.xml:29:9-35:20
48            android:name="run.budgetbuddy.activities.MG.MgInicioIngresos"
48-->src\main\AndroidManifest.xml:30:13-59
49            android:exported="false" >
49-->src\main\AndroidManifest.xml:31:13-37
50            <meta-data
50-->src\main\AndroidManifest.xml:25:13-27:36
51                android:name="android.app.lib_name"
51-->src\main\AndroidManifest.xml:26:17-52
52                android:value="" />
52-->src\main\AndroidManifest.xml:27:17-33
53        </activity>
54        <activity
54-->src\main\AndroidManifest.xml:36:9-42:20
55            android:name="run.budgetbuddy.activities.MG.MgAnadirGasto"
55-->src\main\AndroidManifest.xml:37:13-56
56            android:exported="false" >
56-->src\main\AndroidManifest.xml:38:13-37
57            <meta-data
57-->src\main\AndroidManifest.xml:25:13-27:36
58                android:name="android.app.lib_name"
58-->src\main\AndroidManifest.xml:26:17-52
59                android:value="" />
59-->src\main\AndroidManifest.xml:27:17-33
60        </activity>
61        <activity
61-->src\main\AndroidManifest.xml:43:9-49:20
62            android:name="run.budgetbuddy.activities.MG.MgAnadirIngreso"
62-->src\main\AndroidManifest.xml:44:13-58
63            android:exported="false" >
63-->src\main\AndroidManifest.xml:45:13-37
64            <meta-data
64-->src\main\AndroidManifest.xml:25:13-27:36
65                android:name="android.app.lib_name"
65-->src\main\AndroidManifest.xml:26:17-52
66                android:value="" />
66-->src\main\AndroidManifest.xml:27:17-33
67        </activity>
68        <activity
68-->src\main\AndroidManifest.xml:50:9-56:20
69            android:name="run.budgetbuddy.activities.menu.MenuLateral3G"
69-->src\main\AndroidManifest.xml:51:13-58
70            android:exported="false" >
70-->src\main\AndroidManifest.xml:52:13-37
71            <meta-data
71-->src\main\AndroidManifest.xml:25:13-27:36
72                android:name="android.app.lib_name"
72-->src\main\AndroidManifest.xml:26:17-52
73                android:value="" />
73-->src\main\AndroidManifest.xml:27:17-33
74        </activity>
75        <activity
75-->src\main\AndroidManifest.xml:57:9-63:20
76            android:name="run.budgetbuddy.activities.MG.MgInfo"
76-->src\main\AndroidManifest.xml:58:13-49
77            android:exported="false" >
77-->src\main\AndroidManifest.xml:59:13-37
78            <meta-data
78-->src\main\AndroidManifest.xml:25:13-27:36
79                android:name="android.app.lib_name"
79-->src\main\AndroidManifest.xml:26:17-52
80                android:value="" />
80-->src\main\AndroidManifest.xml:27:17-33
81        </activity>
82        <activity
82-->src\main\AndroidManifest.xml:64:9-70:20
83            android:name="run.budgetbuddy.activities.categoria.AddCategoria"
83-->src\main\AndroidManifest.xml:65:13-62
84            android:exported="false" >
84-->src\main\AndroidManifest.xml:66:13-37
85            <meta-data
85-->src\main\AndroidManifest.xml:25:13-27:36
86                android:name="android.app.lib_name"
86-->src\main\AndroidManifest.xml:26:17-52
87                android:value="" />
87-->src\main\AndroidManifest.xml:27:17-33
88        </activity>
89        <activity
89-->src\main\AndroidManifest.xml:71:9-77:20
90            android:name="run.budgetbuddy.activities.categoria.Categorias"
90-->src\main\AndroidManifest.xml:72:13-60
91            android:exported="false" >
91-->src\main\AndroidManifest.xml:73:13-37
92            <meta-data
92-->src\main\AndroidManifest.xml:25:13-27:36
93                android:name="android.app.lib_name"
93-->src\main\AndroidManifest.xml:26:17-52
94                android:value="" />
94-->src\main\AndroidManifest.xml:27:17-33
95        </activity>
96        <activity
96-->src\main\AndroidManifest.xml:78:9-84:20
97            android:name="run.budgetbuddy.activities.categoria.CrearCategoria"
97-->src\main\AndroidManifest.xml:79:13-64
98            android:exported="false" >
98-->src\main\AndroidManifest.xml:80:13-37
99            <meta-data
99-->src\main\AndroidManifest.xml:25:13-27:36
100                android:name="android.app.lib_name"
100-->src\main\AndroidManifest.xml:26:17-52
101                android:value="" />
101-->src\main\AndroidManifest.xml:27:17-33
102        </activity>
103        <activity
103-->src\main\AndroidManifest.xml:85:9-91:20
104            android:name="run.budgetbuddy.activities.app.Register"
104-->src\main\AndroidManifest.xml:86:13-52
105            android:exported="false" >
105-->src\main\AndroidManifest.xml:87:13-37
106            <meta-data
106-->src\main\AndroidManifest.xml:25:13-27:36
107                android:name="android.app.lib_name"
107-->src\main\AndroidManifest.xml:26:17-52
108                android:value="" />
108-->src\main\AndroidManifest.xml:27:17-33
109        </activity>
110        <activity
110-->src\main\AndroidManifest.xml:92:9-98:20
111            android:name="run.budgetbuddy.activities.app.Login"
111-->src\main\AndroidManifest.xml:93:13-49
112            android:exported="false" >
112-->src\main\AndroidManifest.xml:94:13-37
113            <meta-data
113-->src\main\AndroidManifest.xml:25:13-27:36
114                android:name="android.app.lib_name"
114-->src\main\AndroidManifest.xml:26:17-52
115                android:value="" />
115-->src\main\AndroidManifest.xml:27:17-33
116        </activity>
117        <activity
117-->src\main\AndroidManifest.xml:99:9-106:20
118            android:name="run.budgetbuddy.activities.app.CargaInicio"
118-->src\main\AndroidManifest.xml:100:13-55
119            android:exported="false" >
119-->src\main\AndroidManifest.xml:101:13-37
120            <meta-data
120-->src\main\AndroidManifest.xml:25:13-27:36
121                android:name="android.app.lib_name"
121-->src\main\AndroidManifest.xml:26:17-52
122                android:value="" />
122-->src\main\AndroidManifest.xml:27:17-33
123        </activity>
124        <activity
124-->src\main\AndroidManifest.xml:107:9-113:20
125            android:name="run.budgetbuddy.activities.GG.CrearGrupo3G"
125-->src\main\AndroidManifest.xml:108:13-55
126            android:exported="false" >
126-->src\main\AndroidManifest.xml:109:13-37
127            <meta-data
127-->src\main\AndroidManifest.xml:25:13-27:36
128                android:name="android.app.lib_name"
128-->src\main\AndroidManifest.xml:26:17-52
129                android:value="" />
129-->src\main\AndroidManifest.xml:27:17-33
130        </activity>
131        <activity
131-->src\main\AndroidManifest.xml:114:9-120:20
132            android:name="run.budgetbuddy.activities.GG.EditarGasto3G"
132-->src\main\AndroidManifest.xml:115:13-56
133            android:exported="false" >
133-->src\main\AndroidManifest.xml:116:13-37
134            <meta-data
134-->src\main\AndroidManifest.xml:25:13-27:36
135                android:name="android.app.lib_name"
135-->src\main\AndroidManifest.xml:26:17-52
136                android:value="" />
136-->src\main\AndroidManifest.xml:27:17-33
137        </activity>
138        <activity
138-->src\main\AndroidManifest.xml:121:9-127:20
139            android:name="run.budgetbuddy.activities.GG.Gastos3G"
139-->src\main\AndroidManifest.xml:122:13-51
140            android:exported="false" >
140-->src\main\AndroidManifest.xml:123:13-37
141            <meta-data
141-->src\main\AndroidManifest.xml:25:13-27:36
142                android:name="android.app.lib_name"
142-->src\main\AndroidManifest.xml:26:17-52
143                android:value="" />
143-->src\main\AndroidManifest.xml:27:17-33
144        </activity>
145        <activity
145-->src\main\AndroidManifest.xml:128:9-134:20
146            android:name="run.budgetbuddy.activities.GG.NuevoGasto3G"
146-->src\main\AndroidManifest.xml:129:13-55
147            android:exported="false" >
147-->src\main\AndroidManifest.xml:130:13-37
148            <meta-data
148-->src\main\AndroidManifest.xml:25:13-27:36
149                android:name="android.app.lib_name"
149-->src\main\AndroidManifest.xml:26:17-52
150                android:value="" />
150-->src\main\AndroidManifest.xml:27:17-33
151        </activity>
152        <activity
152-->src\main\AndroidManifest.xml:135:9-141:20
153            android:name="run.budgetbuddy.activities.GG.Principal3G"
153-->src\main\AndroidManifest.xml:136:13-54
154            android:exported="false" >
154-->src\main\AndroidManifest.xml:137:13-37
155            <meta-data
155-->src\main\AndroidManifest.xml:25:13-27:36
156                android:name="android.app.lib_name"
156-->src\main\AndroidManifest.xml:26:17-52
157                android:value="" />
157-->src\main\AndroidManifest.xml:27:17-33
158        </activity>
159        <activity
159-->src\main\AndroidManifest.xml:142:9-148:20
160            android:name="run.budgetbuddy.activities.GG.Saldos3G"
160-->src\main\AndroidManifest.xml:143:13-51
161            android:exported="false" >
161-->src\main\AndroidManifest.xml:144:13-37
162            <meta-data
162-->src\main\AndroidManifest.xml:25:13-27:36
163                android:name="android.app.lib_name"
163-->src\main\AndroidManifest.xml:26:17-52
164                android:value="" />
164-->src\main\AndroidManifest.xml:27:17-33
165        </activity>
166        <activity
166-->src\main\AndroidManifest.xml:149:9-155:20
167            android:name="run.budgetbuddy.activities.GG.UnirGrupo3G"
167-->src\main\AndroidManifest.xml:150:13-54
168            android:exported="false" >
168-->src\main\AndroidManifest.xml:151:13-37
169            <meta-data
169-->src\main\AndroidManifest.xml:25:13-27:36
170                android:name="android.app.lib_name"
170-->src\main\AndroidManifest.xml:26:17-52
171                android:value="" />
171-->src\main\AndroidManifest.xml:27:17-33
172        </activity>
173        <activity
173-->src\main\AndroidManifest.xml:156:9-162:20
174            android:name="run.budgetbuddy.activities.GG.reembolso.AllReembolsos"
174-->src\main\AndroidManifest.xml:157:13-66
175            android:exported="false" >
175-->src\main\AndroidManifest.xml:158:13-37
176            <meta-data
176-->src\main\AndroidManifest.xml:25:13-27:36
177                android:name="android.app.lib_name"
177-->src\main\AndroidManifest.xml:26:17-52
178                android:value="" />
178-->src\main\AndroidManifest.xml:27:17-33
179        </activity>
180        <activity
180-->src\main\AndroidManifest.xml:163:9-169:20
181            android:name="run.budgetbuddy.activities.GG.reembolso.Reembolso3G"
181-->src\main\AndroidManifest.xml:164:13-64
182            android:exported="false" >
182-->src\main\AndroidManifest.xml:165:13-37
183            <meta-data
183-->src\main\AndroidManifest.xml:25:13-27:36
184                android:name="android.app.lib_name"
184-->src\main\AndroidManifest.xml:26:17-52
185                android:value="" />
185-->src\main\AndroidManifest.xml:27:17-33
186        </activity>
187        <activity
187-->src\main\AndroidManifest.xml:170:9-176:20
188            android:name="run.budgetbuddy.activities.menu.MenuLateralMG"
188-->src\main\AndroidManifest.xml:171:13-58
189            android:exported="false" >
189-->src\main\AndroidManifest.xml:172:13-37
190            <meta-data
190-->src\main\AndroidManifest.xml:25:13-27:36
191                android:name="android.app.lib_name"
191-->src\main\AndroidManifest.xml:26:17-52
192                android:value="" />
192-->src\main\AndroidManifest.xml:27:17-33
193        </activity>
194        <activity
194-->src\main\AndroidManifest.xml:177:9-183:20
195            android:name="run.budgetbuddy.activities.ajustes.Ajustes"
195-->src\main\AndroidManifest.xml:178:13-55
196            android:exported="false" >
196-->src\main\AndroidManifest.xml:179:13-37
197            <meta-data
197-->src\main\AndroidManifest.xml:25:13-27:36
198                android:name="android.app.lib_name"
198-->src\main\AndroidManifest.xml:26:17-52
199                android:value="" />
199-->src\main\AndroidManifest.xml:27:17-33
200        </activity>
201        <activity
201-->src\main\AndroidManifest.xml:184:9-190:20
202            android:name="run.budgetbuddy.activities.divisa.Divisas"
202-->src\main\AndroidManifest.xml:185:13-54
203            android:exported="false" >
203-->src\main\AndroidManifest.xml:186:13-37
204            <meta-data
204-->src\main\AndroidManifest.xml:25:13-27:36
205                android:name="android.app.lib_name"
205-->src\main\AndroidManifest.xml:26:17-52
206                android:value="" />
206-->src\main\AndroidManifest.xml:27:17-33
207        </activity>
208
209        <provider
209-->[androidx.emoji2:emoji2:1.2.0] AndroidManifest.xml:24:9-32:20
210            android:name="androidx.startup.InitializationProvider"
210-->[androidx.emoji2:emoji2:1.2.0] AndroidManifest.xml:25:13-67
211            android:authorities="run.budgetbuddy.androidx-startup"
211-->[androidx.emoji2:emoji2:1.2.0] AndroidManifest.xml:26:13-68
212            android:exported="false" >
212-->[androidx.emoji2:emoji2:1.2.0] AndroidManifest.xml:27:13-37
213            <meta-data
213-->[androidx.emoji2:emoji2:1.2.0] AndroidManifest.xml:29:13-31:52
214                android:name="androidx.emoji2.text.EmojiCompatInitializer"
214-->[androidx.emoji2:emoji2:1.2.0] AndroidManifest.xml:30:17-75
215                android:value="androidx.startup" />
215-->[androidx.emoji2:emoji2:1.2.0] AndroidManifest.xml:31:17-49
216            <meta-data
216-->[androidx.lifecycle:lifecycle-process:2.4.1] AndroidManifest.xml:31:13-33:52
217                android:name="androidx.lifecycle.ProcessLifecycleInitializer"
217-->[androidx.lifecycle:lifecycle-process:2.4.1] AndroidManifest.xml:32:17-78
218                android:value="androidx.startup" />
218-->[androidx.lifecycle:lifecycle-process:2.4.1] AndroidManifest.xml:33:17-49
219        </provider>
220    </application>
221
222</manifest>